2018-09-24 13:01:34.071 (8908): -----------------------------------------------------------------------------
2018-09-24 13:01:34.071 (8908): Initializing fault reporting
2018-09-24 13:01:34.071 (8908): Fault reporting log pathname: \\Mac\Home\Documents\GitHub\EDUDW\ETL\LOCALIZACAO_D\tdeserver64-error_1192_18-0924-130134.log
2018-09-24 13:01:34.072 (8908): Initializing MiniDump
2018-09-24 13:01:34.072 (8908): Loading 'DbgHelp.dll'
2018-09-24 13:01:34.072 (8908): Loaded 'C:\WINDOWS\SYSTEM32\dbghelp.dll'
2018-09-24 13:01:34.073 (8908):   Product Name: Microsoft® Windows® Operating System
2018-09-24 13:01:34.073 (8908):   File Version: 10.0.17134.1 (WinBuild.160101.0800)
2018-09-24 13:01:34.073 (8908):   Product Version: 10.0.17134.1
2018-09-24 13:01:34.073 (8908): Finding function 'MiniDumpWriteDump'
2018-09-24 13:01:34.073 (8908): Success
2018-09-24 13:01:34.073 (8908): Registering unhandled exception filter
2018-09-24 13:01:34.073 (8908): -----------------------------------------------------------------------------
2018-09-24 13:01:34.073 (8908): argv[0]="C:\Program Files\Alteryx\bin\Tableau\tde\tdeserver64.exe"
2018-09-24 13:01:34.073 (8908): argv[1]="--callback"
2018-09-24 13:01:34.073 (8908): argv[2]="tab.pipe://./pipe/{4373D528-828C-4611-A059-8945B4383525}"
2018-09-24 13:01:34.073 (8908): argv[3]="--listen"
2018-09-24 13:01:34.073 (8908): argv[4]="tab.pipe://./pipe/auto"
2018-09-24 13:01:34.073 (8908): argv[5]="--desktop"
2018-09-24 13:01:34.073 (8908): argv[6]="--log"
2018-09-24 13:01:34.073 (8908): argv[7]="\\Mac\Home\Documents\GitHub\EDUDW\ETL\LOCALIZACAO_D\DataExtract.log"
2018-09-24 13:01:34.073 (8908): pid=1192
2018-09-24 13:01:34.073 (8908): Machine Configuration
2018-09-24 13:01:34.073 (8908):   Max Descriptors: -1
2018-09-24 13:01:34.073 (8908): Vectorization Support
2018-09-24 13:01:34.073 (8908):   Supports SSE:    Yes
2018-09-24 13:01:34.073 (8908):   Supports SSE2:   Yes
2018-09-24 13:01:34.073 (8908):   Supports SSE3:   Yes
2018-09-24 13:01:34.073 (8908):   Supports SSE4.1: Yes
2018-09-24 13:01:34.073 (8908):   Supports SSE4.2: Yes
2018-09-24 13:01:34.073 (8908):   Supports AVX:    Yes
2018-09-24 13:01:34.073 (8908):   Supports AVX2:   Yes
2018-09-24 13:01:34.073 (8908): Adjusted Values
2018-09-24 13:01:34.073 (8908):   Physical RAM:              4272443392
2018-09-24 13:01:34.073 (8908):   CPUs available to process: 2
2018-09-24 13:01:34.073 (8908):   worker-threads:            2
2018-09-24 13:01:34.073 (8908):   max-concurrency:           2
2018-09-24 13:01:34.073 (8908):   query-parallelism:         2
2018-09-24 13:01:34.073 (8908):   min-query-parallelism:     2
2018-09-24 13:01:34.073 (8908):   work-buffer-size:          64
2018-09-24 13:01:34.073 (8908):   TrackingMappedFiles :      1
2018-09-24 13:01:34.073 (8908):   MemoryMapEntireFile:       1
2018-09-24 13:01:34.073 (8908):   use-openfile-cache:        1
2018-09-24 13:01:34.074 (8908): tdeserver: server listening for incoming connections at: tab.pipe://./pipe/{5EA316DC-BFDA-4C47-BEDE-AA11D58C0690}
2018-09-24 13:01:34.074 (8908): tdeserver: new connection, connection=tab.pipe://./pipe/{5EA316DC-BFDA-4C47-BEDE-AA11D58C0690}
2018-09-24 13:01:34.076 (5076): tdeserver: open session1, connection=tab.pipe://./pipe/{5EA316DC-BFDA-4C47-BEDE-AA11D58C0690}
2018-09-24 13:01:34.076 (3820): Session1: QueryExecute:
2018-09-24 13:01:34.076 (3820): (create database "\\\\Mac\\Home\\Documents\\GitHub\\EDUDW\\ETL\\LOCALIZACAO_D\\LOCALIZACAO_D.tde")
2018-09-24 13:01:35.997 (3820): Compiling query with Memory Budget=1990615040 MemoryAvailable=1990615040
2018-09-24 13:01:35.997 (3820): Session1: QueryExecute: OK, Elapsed time:1.919s, Compilation time:1.918s, Execution time:0.001s
2018-09-24 13:01:35.998 (4452): Session1: QueryExecute:
2018-09-24 13:01:35.998 (4452): (create schema [Extract])
2018-09-24 13:01:35.998 (4452): Compiling query with Memory Budget=1990623232 MemoryAvailable=1990623232
2018-09-24 13:01:36.032 (4452): Session1: QueryExecute: OK, Elapsed time:0.035s, Compilation time:0.000s, Execution time:0.034s
2018-09-24 13:01:36.033 (3820): Session1: QueryExecute:
2018-09-24 13:01:36.033 (3820): (create table [Extract].[Extract])
2018-09-24 13:01:36.033 (3820): Compiling query with Memory Budget=1990529024 MemoryAvailable=1990529024
2018-09-24 13:01:36.089 (3820): Session1: QueryExecute: OK, Elapsed time:0.056s, Compilation time:0.000s, Execution time:0.056s
2018-09-24 13:01:36.089 (4452): Session1: QueryExecute:
2018-09-24 13:01:36.089 (4452): (create column [Extract].[Extract].[NOME_ESTADO] ( ( "collation" "binary" ) ( "compression" "heap" ) ( "factory" "varchar" ) ( "ordinal" "0" ) ( "scale" "2" ) ( "storagewidth" "8" ) ))
2018-09-24 13:01:36.103 (4452): Compiling query with Memory Budget=1989070848 MemoryAvailable=1989070848
2018-09-24 13:01:36.208 (4452): Session1: QueryExecute: OK, Elapsed time:0.119s, Compilation time:0.014s, Execution time:0.105s
2018-09-24 13:01:36.208 (3820): Session1: QueryExecute:
2018-09-24 13:01:36.208 (3820): (create column [Extract].[Extract].[SIGLA_ESTADO] ( ( "collation" "binary" ) ( "compression" "heap" ) ( "factory" "varchar" ) ( "ordinal" "1" ) ( "scale" "2" ) ( "storagewidth" "8" ) ))
2018-09-24 13:01:36.209 (3820): Compiling query with Memory Budget=1986912256 MemoryAvailable=1986912256
2018-09-24 13:01:36.283 (3820): Session1: QueryExecute: OK, Elapsed time:0.075s, Compilation time:0.000s, Execution time:0.075s
2018-09-24 13:01:36.284 (4452): Session1: QueryExecute:
2018-09-24 13:01:36.284 (4452): (create column [Extract].[Extract].[CAPITAL_ESTADO] ( ( "collation" "binary" ) ( "compression" "heap" ) ( "factory" "varchar" ) ( "ordinal" "2" ) ( "scale" "2" ) ( "storagewidth" "8" ) ))
2018-09-24 13:01:36.284 (4452): Compiling query with Memory Budget=1986121728 MemoryAvailable=1986121728
2018-09-24 13:01:36.343 (4452): Session1: QueryExecute: OK, Elapsed time:0.059s, Compilation time:0.000s, Execution time:0.059s
2018-09-24 13:01:36.343 (3820): Session1: QueryExecute:
2018-09-24 13:01:36.343 (3820): (create column [Extract].[Extract].[REGIAO_ESTADO] ( ( "collation" "binary" ) ( "compression" "heap" ) ( "factory" "varchar" ) ( "ordinal" "3" ) ( "scale" "2" ) ( "storagewidth" "8" ) ))
2018-09-24 13:01:36.343 (3820): Compiling query with Memory Budget=1985761280 MemoryAvailable=1985761280
2018-09-24 13:01:36.423 (3820): Session1: QueryExecute: OK, Elapsed time:0.080s, Compilation time:0.000s, Execution time:0.080s
2018-09-24 13:01:36.424 (4452): Session1: QueryExecute:
2018-09-24 13:01:36.424 (4452): (create column [Extract].[Extract].[SpatialObj] ( ( "compression" "heap" ) ( "factory" "spatial" ) ( "ordinal" "4" ) ( "storagewidth" "8" ) ))
2018-09-24 13:01:36.424 (4452): Compiling query with Memory Budget=1986138112 MemoryAvailable=1986138112
2018-09-24 13:01:36.486 (4452): Session1: QueryExecute: OK, Elapsed time:0.062s, Compilation time:0.000s, Execution time:0.062s
2018-09-24 13:01:36.547 (3820): Session1: InsertOpen: table="Extract" schema="Extract"
2018-09-24 13:01:36.547 (3820):   column[0]="NOME_ESTADO"
2018-09-24 13:01:36.547 (3820):   column[1]="SIGLA_ESTADO"
2018-09-24 13:01:36.547 (3820):   column[2]="CAPITAL_ESTADO"
2018-09-24 13:01:36.547 (3820):   column[3]="REGIAO_ESTADO"
2018-09-24 13:01:36.547 (3820):   column[4]="SpatialObj"
2018-09-24 13:01:36.549 (4452): Session1: InsertPutValues: total_calls=1 total_message_size=3503
2018-09-24 13:01:36.780 (3820): Session1: InsertCommit: insert_guid=1 total_calls=1 total_message_size=3503
2018-09-24 13:01:36.780 (3820): Session1: InsertCommit: OK
2018-09-24 13:01:36.780 (4452): Session1: InsertClose: insert_guid=1
2018-09-24 13:01:36.780 (4452): Session1: InsertClose: OK
2018-09-24 13:01:36.780 (3820): Session1: QueryExecute:
2018-09-24 13:01:36.780 (3820): (package)
2018-09-24 13:01:36.780 (3820): Compiling query with Memory Budget=1983459328 MemoryAvailable=1983459328
2018-09-24 13:01:36.780 (3820): PackageDatabase: in-place package of "\\Mac\Home\Documents\GitHub\EDUDW\ETL\LOCALIZACAO_D\LOCALIZACAO_D.tde"
2018-09-24 13:01:36.910 (3820): PackageDatabase: finished
2018-09-24 13:01:36.910 (3820): Session1: QueryExecute: OK, Elapsed time:0.130s, Compilation time:0.000s, Execution time:0.130s
2018-09-24 13:01:36.910 (4452): Session1: QueryExecute:
2018-09-24 13:01:36.910 (4452): (database "\\\\Mac\\Home\\Documents\\GitHub\\EDUDW\\ETL\\LOCALIZACAO_D\\LOCALIZACAO_D.tde")
2018-09-24 13:01:36.912 (4452): Compiling query with Memory Budget=1984466944 MemoryAvailable=1984466944
2018-09-24 13:01:36.912 (4452): Session1: QueryExecute: OK, Elapsed time:0.002s, Compilation time:0.002s, Execution time:0.000s
2018-09-24 13:01:36.912 (3820): Session1: QueryExecute:
2018-09-24 13:01:36.912 (3820): (show schemas)
2018-09-24 13:01:36.912 (3820): Compiling query with Memory Budget=1984454656 MemoryAvailable=1984454656
2018-09-24 13:01:36.913 (3820): Session1: QueryExecute: OK rowset_guid=2 n_columns=1, Elapsed time:0.001s, Compilation time:0.000s, Execution time:0.001s
2018-09-24 13:01:36.913 (4452): Session1: RowsetGetValues: rowset_guid=2
2018-09-24 13:01:36.913 (3820): Session1: RowsetGetValues: rowset_guid=2
2018-09-24 13:01:36.914 (4452): Session1: RowsetClose: rowset_guid=2
2018-09-24 13:01:36.914 (3820): Session1: QueryExecute:
2018-09-24 13:01:36.914 (3820): (show tables [Extract])
2018-09-24 13:01:36.914 (3820): Compiling query with Memory Budget=1984438272 MemoryAvailable=1984438272
2018-09-24 13:01:36.915 (3820): Session1: QueryExecute: OK rowset_guid=3 n_columns=1, Elapsed time:0.001s, Compilation time:0.000s, Execution time:0.001s
2018-09-24 13:01:36.915 (4452): Session1: RowsetGetValues: rowset_guid=3
2018-09-24 13:01:36.915 (3820): Session1: RowsetGetValues: rowset_guid=3
2018-09-24 13:01:36.915 (4452): Session1: RowsetClose: rowset_guid=3
2018-09-24 13:01:36.915 (3820): Session1: QueryExecute:
2018-09-24 13:01:36.915 (3820): (top (table [Extract].[Extract]) () 0)
2018-09-24 13:01:36.936 (3820): Compiling query with DOP=2
2018-09-24 13:01:36.937 (3820): Compiling query with Memory Budget=1984712704 MemoryAvailable=1984712704
2018-09-24 13:01:36.937 (3820): Session1: QueryExecute: OK rowset_guid=4 n_columns=5, Elapsed time:0.022s, Compilation time:0.022s, Execution time:0.000s
2018-09-24 13:01:36.938 (4452): Session1: RowsetClose: rowset_guid=4
2018-09-24 13:01:36.938 (3820): Session1: QueryExecute:
2018-09-24 13:01:36.938 (3820): (alter column [Extract].[Extract].[NOME_ESTADO] ( ( "comparable" "comparable" ) ( "compression" "array" ) ( "storagewidth" "0" ) ) )
2018-09-24 13:01:36.939 (3820): Compiling query with Memory Budget=1984733184 MemoryAvailable=1984733184
2018-09-24 13:01:36.969 (3820): Session1: QueryExecute: OK, Elapsed time:0.030s, Compilation time:0.000s, Execution time:0.030s
2018-09-24 13:01:36.969 (4452): Session1: QueryExecute:
2018-09-24 13:01:36.969 (4452): (alter column [Extract].[Extract].[SIGLA_ESTADO] ( ( "comparable" "comparable" ) ( "compression" "array" ) ( "storagewidth" "0" ) ) )
2018-09-24 13:01:36.969 (4452): Compiling query with Memory Budget=1984716800 MemoryAvailable=1984716800
2018-09-24 13:01:37.016 (4452): Session1: QueryExecute: OK, Elapsed time:0.047s, Compilation time:0.000s, Execution time:0.047s
2018-09-24 13:01:37.016 (3820): Session1: QueryExecute:
2018-09-24 13:01:37.016 (3820): (alter column [Extract].[Extract].[CAPITAL_ESTADO] ( ( "comparable" "comparable" ) ( "compression" "array" ) ( "storagewidth" "0" ) ) )
2018-09-24 13:01:37.016 (3820): Compiling query with Memory Budget=1984692224 MemoryAvailable=1984692224
2018-09-24 13:01:37.080 (3820): Session1: QueryExecute: OK, Elapsed time:0.064s, Compilation time:0.000s, Execution time:0.064s
2018-09-24 13:01:37.080 (4452): Session1: QueryExecute:
2018-09-24 13:01:37.080 (4452): (alter column [Extract].[Extract].[REGIAO_ESTADO] ( ( "comparable" "comparable" ) ( "compression" "array" ) ( "storagewidth" "0" ) ) )
2018-09-24 13:01:37.081 (4452): Compiling query with Memory Budget=1984688128 MemoryAvailable=1984688128
2018-09-24 13:01:37.127 (4452): Session1: QueryExecute: OK, Elapsed time:0.047s, Compilation time:0.000s, Execution time:0.047s
2018-09-24 13:01:37.127 (3820): Session1: QueryExecute:
2018-09-24 13:01:37.127 (3820): (alter column [Extract].[Extract].[SpatialObj] ( ( "comparable" "comparable" ) ( "compression" "array" ) ( "storagewidth" "0" ) ) )
2018-09-24 13:01:37.127 (3820): Compiling query with Memory Budget=1985376256 MemoryAvailable=1985376256
2018-09-24 13:01:37.175 (3820): Session1: QueryExecute: OK, Elapsed time:0.047s, Compilation time:0.000s, Execution time:0.047s
2018-09-24 13:01:37.175 (4452): Session1: QueryExecute:
2018-09-24 13:01:37.175 (4452): (top (table [Extract].[Extract]) () 0)
2018-09-24 13:01:37.175 (4452): Compiling query with DOP=2
2018-09-24 13:01:37.176 (4452): Compiling query with Memory Budget=1986244608 MemoryAvailable=1986244608
2018-09-24 13:01:37.177 (4452): Session1: QueryExecute: OK rowset_guid=5 n_columns=5, Elapsed time:0.001s, Compilation time:0.001s, Execution time:0.001s
2018-09-24 13:01:37.177 (3820): Session1: RowsetClose: rowset_guid=5
2018-09-24 13:01:37.177 (4452): Session1: QueryExecute:
2018-09-24 13:01:37.177 (4452): (sort [Extract].[Extract] ( ( [REGIAO_ESTADO] asc) ( [NOME_ESTADO] asc) ( [SIGLA_ESTADO] asc) ( [CAPITAL_ESTADO] asc) ( [SpatialObj] asc) ) )
2018-09-24 13:01:37.177 (4452): Compiling query with Memory Budget=1986240512 MemoryAvailable=1986240512
2018-09-24 13:01:37.403 (4452): Session1: QueryExecute: OK, Elapsed time:0.226s, Compilation time:0.000s, Execution time:0.226s
2018-09-24 13:01:37.403 (3820): Session1: QueryExecute:
2018-09-24 13:01:37.403 (3820): (package)
2018-09-24 13:01:37.403 (3820): Compiling query with Memory Budget=1984970752 MemoryAvailable=1984970752
2018-09-24 13:01:37.404 (3820): PackageDatabase: in-place package of "\\Mac\Home\Documents\GitHub\EDUDW\ETL\LOCALIZACAO_D\LOCALIZACAO_D.tde"
2018-09-24 13:01:37.461 (3820): PackageDatabase: finished
2018-09-24 13:01:37.461 (3820): Session1: QueryExecute: OK, Elapsed time:0.058s, Compilation time:0.000s, Execution time:0.058s
2018-09-24 13:01:37.461 (5076): tdeserver: close session1, connection=tab.pipe://./pipe/{5EA316DC-BFDA-4C47-BEDE-AA11D58C0690}
2018-09-24 13:01:37.462 (8908): tdeserver: closing connection=tab.pipe://./pipe/{5EA316DC-BFDA-4C47-BEDE-AA11D58C0690}
2018-09-24 13:01:37.465 (5076): tdeserver: disconnected connection=tab.pipe://./pipe/{5EA316DC-BFDA-4C47-BEDE-AA11D58C0690}: IPC_NamedPipeConnection::Read(len=16, connection=tab.pipe://./pipe/{5EA316DC-BFDA-4C47-BEDE-AA11D58C0690}): The pipe has been ended.
2018-09-24 13:01:37.465 (8908): tdeserver: exit (0)
2018-09-25 10:50:45.020 (1968): -----------------------------------------------------------------------------
2018-09-25 10:50:45.020 (1968): Initializing fault reporting
2018-09-25 10:50:45.020 (1968): Fault reporting log pathname: \\Mac\Home\Documents\GitHub\EDUDW\ETL\LOCALIZACAO_D\tdeserver64-error_8952_18-0925-105045.log
2018-09-25 10:50:45.021 (1968): Initializing MiniDump
2018-09-25 10:50:45.021 (1968): Loading 'DbgHelp.dll'
2018-09-25 10:50:45.021 (1968): Loaded 'C:\WINDOWS\SYSTEM32\dbghelp.dll'
2018-09-25 10:50:45.022 (1968):   Product Name: Microsoft® Windows® Operating System
2018-09-25 10:50:45.022 (1968):   File Version: 10.0.17134.1 (WinBuild.160101.0800)
2018-09-25 10:50:45.022 (1968):   Product Version: 10.0.17134.1
2018-09-25 10:50:45.022 (1968): Finding function 'MiniDumpWriteDump'
2018-09-25 10:50:45.022 (1968): Success
2018-09-25 10:50:45.022 (1968): Registering unhandled exception filter
2018-09-25 10:50:45.022 (1968): -----------------------------------------------------------------------------
2018-09-25 10:50:45.022 (1968): argv[0]="C:\Program Files\Alteryx\bin\Tableau\tde\tdeserver64.exe"
2018-09-25 10:50:45.022 (1968): argv[1]="--callback"
2018-09-25 10:50:45.022 (1968): argv[2]="tab.pipe://./pipe/{85527114-4954-4F34-AEB3-08FE43657C32}"
2018-09-25 10:50:45.022 (1968): argv[3]="--listen"
2018-09-25 10:50:45.022 (1968): argv[4]="tab.pipe://./pipe/auto"
2018-09-25 10:50:45.022 (1968): argv[5]="--desktop"
2018-09-25 10:50:45.022 (1968): argv[6]="--log"
2018-09-25 10:50:45.022 (1968): argv[7]="\\Mac\Home\Documents\GitHub\EDUDW\ETL\LOCALIZACAO_D\DataExtract.log"
2018-09-25 10:50:45.022 (1968): pid=8952
2018-09-25 10:50:45.022 (1968): Machine Configuration
2018-09-25 10:50:45.022 (1968):   Max Descriptors: -1
2018-09-25 10:50:45.022 (1968): Vectorization Support
2018-09-25 10:50:45.022 (1968):   Supports SSE:    Yes
2018-09-25 10:50:45.022 (1968):   Supports SSE2:   Yes
2018-09-25 10:50:45.022 (1968):   Supports SSE3:   Yes
2018-09-25 10:50:45.022 (1968):   Supports SSE4.1: Yes
2018-09-25 10:50:45.022 (1968):   Supports SSE4.2: Yes
2018-09-25 10:50:45.022 (1968):   Supports AVX:    Yes
2018-09-25 10:50:45.022 (1968):   Supports AVX2:   Yes
2018-09-25 10:50:45.022 (1968): Adjusted Values
2018-09-25 10:50:45.022 (1968):   Physical RAM:              4272443392
2018-09-25 10:50:45.022 (1968):   CPUs available to process: 2
2018-09-25 10:50:45.022 (1968):   worker-threads:            2
2018-09-25 10:50:45.022 (1968):   max-concurrency:           2
2018-09-25 10:50:45.022 (1968):   query-parallelism:         2
2018-09-25 10:50:45.022 (1968):   min-query-parallelism:     2
2018-09-25 10:50:45.022 (1968):   work-buffer-size:          64
2018-09-25 10:50:45.022 (1968):   TrackingMappedFiles :      1
2018-09-25 10:50:45.022 (1968):   MemoryMapEntireFile:       1
2018-09-25 10:50:45.022 (1968):   use-openfile-cache:        1
2018-09-25 10:50:45.022 (1968): tdeserver: server listening for incoming connections at: tab.pipe://./pipe/{0AF64E45-1AE3-40FD-8D7D-2168056E51E0}
2018-09-25 10:50:45.023 (1968): tdeserver: new connection, connection=tab.pipe://./pipe/{0AF64E45-1AE3-40FD-8D7D-2168056E51E0}
2018-09-25 10:50:45.024 (4224): tdeserver: open session1, connection=tab.pipe://./pipe/{0AF64E45-1AE3-40FD-8D7D-2168056E51E0}
2018-09-25 10:50:45.024 (1532): Session1: QueryExecute:
2018-09-25 10:50:45.024 (1532): (create database "\\\\Mac\\Home\\Documents\\GitHub\\EDUDW\\ETL\\LOCALIZACAO_D\\LOCALIZACAO_D.tde")
2018-09-25 10:50:47.028 (1532): Compiling query with Memory Budget=1825513472 MemoryAvailable=1825513472
2018-09-25 10:50:47.030 (1532): Session1: QueryExecute: OK, Elapsed time:2.004s, Compilation time:2.003s, Execution time:0.001s
2018-09-25 10:50:47.031 (0448): Session1: QueryExecute:
2018-09-25 10:50:47.031 (0448): (create schema [Extract])
2018-09-25 10:50:47.031 (0448): Compiling query with Memory Budget=1825636352 MemoryAvailable=1825636352
2018-09-25 10:50:47.067 (0448): Session1: QueryExecute: OK, Elapsed time:0.037s, Compilation time:0.000s, Execution time:0.036s
2018-09-25 10:50:47.068 (1532): Session1: QueryExecute:
2018-09-25 10:50:47.068 (1532): (create table [Extract].[Extract])
2018-09-25 10:50:47.068 (1532): Compiling query with Memory Budget=1825660928 MemoryAvailable=1825660928
2018-09-25 10:50:47.117 (1532): Session1: QueryExecute: OK, Elapsed time:0.050s, Compilation time:0.000s, Execution time:0.050s
2018-09-25 10:50:47.118 (0448): Session1: QueryExecute:
2018-09-25 10:50:47.118 (0448): (create column [Extract].[Extract].[NOME_ESTADO] ( ( "collation" "binary" ) ( "compression" "heap" ) ( "factory" "varchar" ) ( "ordinal" "0" ) ( "scale" "2" ) ( "storagewidth" "8" ) ))
2018-09-25 10:50:47.134 (0448): Compiling query with Memory Budget=1825730560 MemoryAvailable=1825730560
2018-09-25 10:50:47.226 (0448): Session1: QueryExecute: OK, Elapsed time:0.108s, Compilation time:0.016s, Execution time:0.092s
2018-09-25 10:50:47.226 (1532): Session1: QueryExecute:
2018-09-25 10:50:47.226 (1532): (create column [Extract].[Extract].[SIGLA_ESTADO] ( ( "collation" "binary" ) ( "compression" "heap" ) ( "factory" "varchar" ) ( "ordinal" "1" ) ( "scale" "2" ) ( "storagewidth" "8" ) ))
2018-09-25 10:50:47.227 (1532): Compiling query with Memory Budget=1826492416 MemoryAvailable=1826492416
2018-09-25 10:50:47.293 (1532): Session1: QueryExecute: OK, Elapsed time:0.067s, Compilation time:0.000s, Execution time:0.067s
2018-09-25 10:50:47.294 (0448): Session1: QueryExecute:
2018-09-25 10:50:47.294 (0448): (create column [Extract].[Extract].[CAPITAL_ESTADO] ( ( "collation" "binary" ) ( "compression" "heap" ) ( "factory" "varchar" ) ( "ordinal" "2" ) ( "scale" "2" ) ( "storagewidth" "8" ) ))
2018-09-25 10:50:47.294 (0448): Compiling query with Memory Budget=1825759232 MemoryAvailable=1825759232
2018-09-25 10:50:47.353 (0448): Session1: QueryExecute: OK, Elapsed time:0.059s, Compilation time:0.000s, Execution time:0.059s
2018-09-25 10:50:47.354 (1532): Session1: QueryExecute:
2018-09-25 10:50:47.354 (1532): (create column [Extract].[Extract].[REGIAO_ESTADO] ( ( "collation" "binary" ) ( "compression" "heap" ) ( "factory" "varchar" ) ( "ordinal" "3" ) ( "scale" "2" ) ( "storagewidth" "8" ) ))
2018-09-25 10:50:47.354 (1532): Compiling query with Memory Budget=1825759232 MemoryAvailable=1825759232
2018-09-25 10:50:47.413 (1532): Session1: QueryExecute: OK, Elapsed time:0.059s, Compilation time:0.000s, Execution time:0.059s
2018-09-25 10:50:47.413 (0448): Session1: QueryExecute:
2018-09-25 10:50:47.413 (0448): (create column [Extract].[Extract].[GEO_LOC] ( ( "compression" "heap" ) ( "factory" "spatial" ) ( "ordinal" "4" ) ( "storagewidth" "8" ) ))
2018-09-25 10:50:47.413 (0448): Compiling query with Memory Budget=1825366016 MemoryAvailable=1825366016
2018-09-25 10:50:47.471 (0448): Session1: QueryExecute: OK, Elapsed time:0.058s, Compilation time:0.000s, Execution time:0.058s
2018-09-25 10:50:48.614 (1532): Session1: InsertOpen: table="Extract" schema="Extract"
2018-09-25 10:50:48.614 (1532):   column[0]="NOME_ESTADO"
2018-09-25 10:50:48.614 (1532):   column[1]="SIGLA_ESTADO"
2018-09-25 10:50:48.614 (1532):   column[2]="CAPITAL_ESTADO"
2018-09-25 10:50:48.614 (1532):   column[3]="REGIAO_ESTADO"
2018-09-25 10:50:48.614 (1532):   column[4]="GEO_LOC"
2018-09-25 10:50:48.617 (0448): Session1: InsertPutValues: total_calls=1 total_message_size=3503
2018-09-25 10:50:48.867 (1532): Session1: InsertCommit: insert_guid=1 total_calls=1 total_message_size=3503
2018-09-25 10:50:48.867 (1532): Session1: InsertCommit: OK
2018-09-25 10:50:48.867 (0448): Session1: InsertClose: insert_guid=1
2018-09-25 10:50:48.867 (0448): Session1: InsertClose: OK
2018-09-25 10:50:48.867 (1532): Session1: QueryExecute:
2018-09-25 10:50:48.867 (1532): (package)
2018-09-25 10:50:48.867 (1532): Compiling query with Memory Budget=1824555008 MemoryAvailable=1824555008
2018-09-25 10:50:48.868 (1532): PackageDatabase: in-place package of "\\Mac\Home\Documents\GitHub\EDUDW\ETL\LOCALIZACAO_D\LOCALIZACAO_D.tde"
2018-09-25 10:50:48.975 (1532): PackageDatabase: finished
2018-09-25 10:50:48.975 (1532): Session1: QueryExecute: OK, Elapsed time:0.107s, Compilation time:0.000s, Execution time:0.107s
2018-09-25 10:50:48.975 (0448): Session1: QueryExecute:
2018-09-25 10:50:48.975 (0448): (database "\\\\Mac\\Home\\Documents\\GitHub\\EDUDW\\ETL\\LOCALIZACAO_D\\LOCALIZACAO_D.tde")
2018-09-25 10:50:48.977 (0448): Compiling query with Memory Budget=1824944128 MemoryAvailable=1824944128
2018-09-25 10:50:48.977 (0448): Session1: QueryExecute: OK, Elapsed time:0.002s, Compilation time:0.002s, Execution time:0.000s
2018-09-25 10:50:48.977 (1532): Session1: QueryExecute:
2018-09-25 10:50:48.977 (1532): (show schemas)
2018-09-25 10:50:48.977 (1532): Compiling query with Memory Budget=1824948224 MemoryAvailable=1824948224
2018-09-25 10:50:48.978 (1532): Session1: QueryExecute: OK rowset_guid=2 n_columns=1, Elapsed time:0.001s, Compilation time:0.000s, Execution time:0.001s
2018-09-25 10:50:48.978 (0448): Session1: RowsetGetValues: rowset_guid=2
2018-09-25 10:50:48.978 (1532): Session1: RowsetGetValues: rowset_guid=2
2018-09-25 10:50:48.978 (0448): Session1: RowsetClose: rowset_guid=2
2018-09-25 10:50:48.979 (1532): Session1: QueryExecute:
2018-09-25 10:50:48.979 (1532): (show tables [Extract])
2018-09-25 10:50:48.979 (1532): Compiling query with Memory Budget=1824944128 MemoryAvailable=1824944128
2018-09-25 10:50:48.979 (1532): Session1: QueryExecute: OK rowset_guid=3 n_columns=1, Elapsed time:0.001s, Compilation time:0.000s, Execution time:0.001s
2018-09-25 10:50:48.980 (0448): Session1: RowsetGetValues: rowset_guid=3
2018-09-25 10:50:48.980 (1532): Session1: RowsetGetValues: rowset_guid=3
2018-09-25 10:50:48.980 (0448): Session1: RowsetClose: rowset_guid=3
2018-09-25 10:50:48.980 (1532): Session1: QueryExecute:
2018-09-25 10:50:48.980 (1532): (top (table [Extract].[Extract]) () 0)
2018-09-25 10:50:49.003 (1532): Compiling query with DOP=2
2018-09-25 10:50:49.004 (1532): Compiling query with Memory Budget=1825488896 MemoryAvailable=1825488896
2018-09-25 10:50:49.005 (1532): Session1: QueryExecute: OK rowset_guid=4 n_columns=5, Elapsed time:0.025s, Compilation time:0.024s, Execution time:0.001s
2018-09-25 10:50:49.007 (0448): Session1: RowsetClose: rowset_guid=4
2018-09-25 10:50:49.008 (1532): Session1: QueryExecute:
2018-09-25 10:50:49.008 (1532): (alter column [Extract].[Extract].[NOME_ESTADO] ( ( "comparable" "comparable" ) ( "compression" "array" ) ( "storagewidth" "0" ) ) )
2018-09-25 10:50:49.008 (1532): Compiling query with Memory Budget=1825558528 MemoryAvailable=1825558528
2018-09-25 10:50:49.043 (1532): Session1: QueryExecute: OK, Elapsed time:0.036s, Compilation time:0.000s, Execution time:0.036s
2018-09-25 10:50:49.044 (0448): Session1: QueryExecute:
2018-09-25 10:50:49.044 (0448): (alter column [Extract].[Extract].[SIGLA_ESTADO] ( ( "comparable" "comparable" ) ( "compression" "array" ) ( "storagewidth" "0" ) ) )
2018-09-25 10:50:49.044 (0448): Compiling query with Memory Budget=1824874496 MemoryAvailable=1824874496
2018-09-25 10:50:49.094 (0448): Session1: QueryExecute: OK, Elapsed time:0.050s, Compilation time:0.000s, Execution time:0.050s
2018-09-25 10:50:49.094 (1532): Session1: QueryExecute:
2018-09-25 10:50:49.094 (1532): (alter column [Extract].[Extract].[CAPITAL_ESTADO] ( ( "comparable" "comparable" ) ( "compression" "array" ) ( "storagewidth" "0" ) ) )
2018-09-25 10:50:49.094 (1532): Compiling query with Memory Budget=1824944128 MemoryAvailable=1824944128
2018-09-25 10:50:49.146 (1532): Session1: QueryExecute: OK, Elapsed time:0.052s, Compilation time:0.000s, Execution time:0.052s
2018-09-25 10:50:49.146 (0448): Session1: QueryExecute:
2018-09-25 10:50:49.146 (0448): (alter column [Extract].[Extract].[REGIAO_ESTADO] ( ( "comparable" "comparable" ) ( "compression" "array" ) ( "storagewidth" "0" ) ) )
2018-09-25 10:50:49.147 (0448): Compiling query with Memory Budget=1824804864 MemoryAvailable=1824804864
2018-09-25 10:50:49.195 (0448): Session1: QueryExecute: OK, Elapsed time:0.048s, Compilation time:0.000s, Execution time:0.048s
2018-09-25 10:50:49.195 (1532): Session1: QueryExecute:
2018-09-25 10:50:49.195 (1532): (alter column [Extract].[Extract].[GEO_LOC] ( ( "comparable" "comparable" ) ( "compression" "array" ) ( "storagewidth" "0" ) ) )
2018-09-25 10:50:49.195 (1532): Compiling query with Memory Budget=1824931840 MemoryAvailable=1824931840
2018-09-25 10:50:49.247 (1532): Session1: QueryExecute: OK, Elapsed time:0.052s, Compilation time:0.000s, Execution time:0.052s
2018-09-25 10:50:49.248 (0448): Session1: QueryExecute:
2018-09-25 10:50:49.248 (0448): (top (table [Extract].[Extract]) () 0)
2018-09-25 10:50:49.248 (0448): Compiling query with DOP=2
2018-09-25 10:50:49.248 (0448): Compiling query with Memory Budget=1824722944 MemoryAvailable=1824722944
2018-09-25 10:50:49.250 (0448): Session1: QueryExecute: OK rowset_guid=5 n_columns=5, Elapsed time:0.002s, Compilation time:0.001s, Execution time:0.001s
2018-09-25 10:50:49.250 (1532): Session1: RowsetClose: rowset_guid=5
2018-09-25 10:50:49.250 (0448): Session1: QueryExecute:
2018-09-25 10:50:49.250 (0448): (sort [Extract].[Extract] ( ( [REGIAO_ESTADO] asc) ( [NOME_ESTADO] asc) ( [SIGLA_ESTADO] asc) ( [CAPITAL_ESTADO] asc) ( [GEO_LOC] asc) ) )
2018-09-25 10:50:49.250 (0448): Compiling query with Memory Budget=1824739328 MemoryAvailable=1824739328
2018-09-25 10:50:49.472 (0448): Session1: QueryExecute: OK, Elapsed time:0.222s, Compilation time:0.000s, Execution time:0.221s
2018-09-25 10:50:49.472 (1532): Session1: QueryExecute:
2018-09-25 10:50:49.472 (1532): (package)
2018-09-25 10:50:49.472 (1532): Compiling query with Memory Budget=1825423360 MemoryAvailable=1825423360
2018-09-25 10:50:49.473 (1532): PackageDatabase: in-place package of "\\Mac\Home\Documents\GitHub\EDUDW\ETL\LOCALIZACAO_D\LOCALIZACAO_D.tde"
2018-09-25 10:50:49.542 (1532): PackageDatabase: finished
2018-09-25 10:50:49.542 (1532): Session1: QueryExecute: OK, Elapsed time:0.070s, Compilation time:0.000s, Execution time:0.070s
2018-09-25 10:50:49.543 (4224): tdeserver: close session1, connection=tab.pipe://./pipe/{0AF64E45-1AE3-40FD-8D7D-2168056E51E0}
2018-09-25 10:50:49.543 (1968): tdeserver: closing connection=tab.pipe://./pipe/{0AF64E45-1AE3-40FD-8D7D-2168056E51E0}
2018-09-25 10:50:49.547 (4224): tdeserver: disconnected connection=tab.pipe://./pipe/{0AF64E45-1AE3-40FD-8D7D-2168056E51E0}: IPC_NamedPipeConnection::Read(len=16, connection=tab.pipe://./pipe/{0AF64E45-1AE3-40FD-8D7D-2168056E51E0}): The pipe has been ended.
2018-09-25 10:50:49.547 (1968): tdeserver: exit (0)
2018-09-27 20:54:37.148 (4800): -----------------------------------------------------------------------------
2018-09-27 20:54:37.148 (4800): Initializing fault reporting
2018-09-27 20:54:37.149 (4800): Fault reporting log pathname: \\Mac\Home\Documents\GitHub\EDUDW\ETL\LOCALIZACAO_D\tdeserver64-error_4752_18-0927-205437.log
2018-09-27 20:54:37.150 (4800): Initializing MiniDump
2018-09-27 20:54:37.150 (4800): Loading 'DbgHelp.dll'
2018-09-27 20:54:37.150 (4800): Loaded 'C:\WINDOWS\SYSTEM32\dbghelp.dll'
2018-09-27 20:54:37.150 (4800):   Product Name: Microsoft® Windows® Operating System
2018-09-27 20:54:37.150 (4800):   File Version: 10.0.17134.1 (WinBuild.160101.0800)
2018-09-27 20:54:37.150 (4800):   Product Version: 10.0.17134.1
2018-09-27 20:54:37.150 (4800): Finding function 'MiniDumpWriteDump'
2018-09-27 20:54:37.150 (4800): Success
2018-09-27 20:54:37.150 (4800): Registering unhandled exception filter
2018-09-27 20:54:37.151 (4800): -----------------------------------------------------------------------------
2018-09-27 20:54:37.151 (4800): argv[0]="C:\Program Files\Alteryx\bin\Tableau\tde\tdeserver64.exe"
2018-09-27 20:54:37.151 (4800): argv[1]="--callback"
2018-09-27 20:54:37.151 (4800): argv[2]="tab.pipe://./pipe/{7D9C5760-750D-4623-B83A-A8B157F6E7D4}"
2018-09-27 20:54:37.151 (4800): argv[3]="--listen"
2018-09-27 20:54:37.151 (4800): argv[4]="tab.pipe://./pipe/auto"
2018-09-27 20:54:37.151 (4800): argv[5]="--desktop"
2018-09-27 20:54:37.151 (4800): argv[6]="--log"
2018-09-27 20:54:37.151 (4800): argv[7]="\\Mac\Home\Documents\GitHub\EDUDW\ETL\LOCALIZACAO_D\DataExtract.log"
2018-09-27 20:54:37.151 (4800): pid=4752
2018-09-27 20:54:37.151 (4800): Machine Configuration
2018-09-27 20:54:37.151 (4800):   Max Descriptors: -1
2018-09-27 20:54:37.151 (4800): Vectorization Support
2018-09-27 20:54:37.151 (4800):   Supports SSE:    Yes
2018-09-27 20:54:37.151 (4800):   Supports SSE2:   Yes
2018-09-27 20:54:37.151 (4800):   Supports SSE3:   Yes
2018-09-27 20:54:37.151 (4800):   Supports SSE4.1: Yes
2018-09-27 20:54:37.151 (4800):   Supports SSE4.2: Yes
2018-09-27 20:54:37.151 (4800):   Supports AVX:    Yes
2018-09-27 20:54:37.151 (4800):   Supports AVX2:   Yes
2018-09-27 20:54:37.151 (4800): Adjusted Values
2018-09-27 20:54:37.151 (4800):   Physical RAM:              4272443392
2018-09-27 20:54:37.151 (4800):   CPUs available to process: 2
2018-09-27 20:54:37.151 (4800):   worker-threads:            2
2018-09-27 20:54:37.151 (4800):   max-concurrency:           2
2018-09-27 20:54:37.151 (4800):   query-parallelism:         2
2018-09-27 20:54:37.151 (4800):   min-query-parallelism:     2
2018-09-27 20:54:37.151 (4800):   work-buffer-size:          64
2018-09-27 20:54:37.151 (4800):   TrackingMappedFiles :      1
2018-09-27 20:54:37.151 (4800):   MemoryMapEntireFile:       1
2018-09-27 20:54:37.151 (4800):   use-openfile-cache:        1
2018-09-27 20:54:37.152 (4800): tdeserver: server listening for incoming connections at: tab.pipe://./pipe/{A94AD8CA-8B97-4051-BAA2-F68CDA20152F}
2018-09-27 20:54:37.152 (4800): tdeserver: new connection, connection=tab.pipe://./pipe/{A94AD8CA-8B97-4051-BAA2-F68CDA20152F}
2018-09-27 20:54:37.153 (4504): tdeserver: open session1, connection=tab.pipe://./pipe/{A94AD8CA-8B97-4051-BAA2-F68CDA20152F}
2018-09-27 20:54:37.154 (4664): Session1: QueryExecute:
2018-09-27 20:54:37.154 (4664): (create database "\\\\Mac\\Home\\Documents\\GitHub\\EDUDW\\ETL\\LOCALIZACAO_D\\LOCALIZACAO_D.tde")
2018-09-27 20:54:38.790 (4664): Compiling query with Memory Budget=1809502208 MemoryAvailable=1809502208
2018-09-27 20:54:38.790 (4664): Session1: QueryExecute: OK, Elapsed time:1.635s, Compilation time:1.634s, Execution time:0.000s
2018-09-27 20:54:38.791 (2816): Session1: QueryExecute:
2018-09-27 20:54:38.791 (2816): (create schema [Extract])
2018-09-27 20:54:38.791 (2816): Compiling query with Memory Budget=1809485824 MemoryAvailable=1809485824
2018-09-27 20:54:38.823 (2816): Session1: QueryExecute: OK, Elapsed time:0.032s, Compilation time:0.000s, Execution time:0.032s
2018-09-27 20:54:38.823 (4664): Session1: QueryExecute:
2018-09-27 20:54:38.823 (4664): (create table [Extract].[Extract])
2018-09-27 20:54:38.823 (4664): Compiling query with Memory Budget=1810878464 MemoryAvailable=1810878464
2018-09-27 20:54:38.869 (4664): Session1: QueryExecute: OK, Elapsed time:0.046s, Compilation time:0.000s, Execution time:0.046s
2018-09-27 20:54:38.870 (2816): Session1: QueryExecute:
2018-09-27 20:54:38.870 (2816): (create column [Extract].[Extract].[NOME_ESTADO] ( ( "collation" "binary" ) ( "compression" "heap" ) ( "factory" "varchar" ) ( "ordinal" "0" ) ( "scale" "2" ) ( "storagewidth" "8" ) ))
2018-09-27 20:54:38.881 (2816): Compiling query with Memory Budget=1810628608 MemoryAvailable=1810628608
2018-09-27 20:54:38.974 (2816): Session1: QueryExecute: OK, Elapsed time:0.104s, Compilation time:0.011s, Execution time:0.093s
2018-09-27 20:54:38.974 (4664): Session1: QueryExecute:
2018-09-27 20:54:38.974 (4664): (create column [Extract].[Extract].[SIGLA_ESTADO] ( ( "collation" "binary" ) ( "compression" "heap" ) ( "factory" "varchar" ) ( "ordinal" "1" ) ( "scale" "2" ) ( "storagewidth" "8" ) ))
2018-09-27 20:54:38.974 (4664): Compiling query with Memory Budget=1809383424 MemoryAvailable=1809383424
2018-09-27 20:54:39.035 (4664): Session1: QueryExecute: OK, Elapsed time:0.061s, Compilation time:0.000s, Execution time:0.060s
2018-09-27 20:54:39.035 (2816): Session1: QueryExecute:
2018-09-27 20:54:39.035 (2816): (create column [Extract].[Extract].[CAPITAL_ESTADO] ( ( "collation" "binary" ) ( "compression" "heap" ) ( "factory" "varchar" ) ( "ordinal" "2" ) ( "scale" "2" ) ( "storagewidth" "8" ) ))
2018-09-27 20:54:39.035 (2816): Compiling query with Memory Budget=1808674816 MemoryAvailable=1808674816
2018-09-27 20:54:39.090 (2816): Session1: QueryExecute: OK, Elapsed time:0.055s, Compilation time:0.000s, Execution time:0.055s
2018-09-27 20:54:39.090 (4664): Session1: QueryExecute:
2018-09-27 20:54:39.090 (4664): (create column [Extract].[Extract].[REGIAO_ESTADO] ( ( "collation" "binary" ) ( "compression" "heap" ) ( "factory" "varchar" ) ( "ordinal" "3" ) ( "scale" "2" ) ( "storagewidth" "8" ) ))
2018-09-27 20:54:39.091 (4664): Compiling query with Memory Budget=1807986688 MemoryAvailable=1807986688
2018-09-27 20:54:39.145 (4664): Session1: QueryExecute: OK, Elapsed time:0.055s, Compilation time:0.000s, Execution time:0.055s
2018-09-27 20:54:39.145 (2816): Session1: QueryExecute:
2018-09-27 20:54:39.145 (2816): (create column [Extract].[Extract].[GEO_LOC] ( ( "compression" "heap" ) ( "factory" "spatial" ) ( "ordinal" "4" ) ( "storagewidth" "8" ) ))
2018-09-27 20:54:39.146 (2816): Compiling query with Memory Budget=1807200256 MemoryAvailable=1807200256
2018-09-27 20:54:39.200 (2816): Session1: QueryExecute: OK, Elapsed time:0.055s, Compilation time:0.000s, Execution time:0.055s
2018-09-27 20:54:40.356 (4664): Session1: InsertOpen: table="Extract" schema="Extract"
2018-09-27 20:54:40.356 (4664):   column[0]="NOME_ESTADO"
2018-09-27 20:54:40.356 (4664):   column[1]="SIGLA_ESTADO"
2018-09-27 20:54:40.356 (4664):   column[2]="CAPITAL_ESTADO"
2018-09-27 20:54:40.356 (4664):   column[3]="REGIAO_ESTADO"
2018-09-27 20:54:40.356 (4664):   column[4]="GEO_LOC"
2018-09-27 20:54:40.358 (2816): Session1: InsertPutValues: total_calls=1 total_message_size=3503
2018-09-27 20:54:40.574 (4664): Session1: InsertCommit: insert_guid=1 total_calls=1 total_message_size=3503
2018-09-27 20:54:40.574 (4664): Session1: InsertCommit: OK
2018-09-27 20:54:40.574 (2816): Session1: InsertClose: insert_guid=1
2018-09-27 20:54:40.574 (2816): Session1: InsertClose: OK
2018-09-27 20:54:40.575 (4664): Session1: QueryExecute:
2018-09-27 20:54:40.575 (4664): (package)
2018-09-27 20:54:40.575 (4664): Compiling query with Memory Budget=1805983744 MemoryAvailable=1805983744
2018-09-27 20:54:40.575 (4664): PackageDatabase: in-place package of "\\Mac\Home\Documents\GitHub\EDUDW\ETL\LOCALIZACAO_D\LOCALIZACAO_D.tde"
2018-09-27 20:54:40.680 (4664): PackageDatabase: finished
2018-09-27 20:54:40.680 (4664): Session1: QueryExecute: OK, Elapsed time:0.105s, Compilation time:0.000s, Execution time:0.105s
2018-09-27 20:54:40.680 (2816): Session1: QueryExecute:
2018-09-27 20:54:40.680 (2816): (database "\\\\Mac\\Home\\Documents\\GitHub\\EDUDW\\ETL\\LOCALIZACAO_D\\LOCALIZACAO_D.tde")
2018-09-27 20:54:40.682 (2816): Compiling query with Memory Budget=1806159872 MemoryAvailable=1806159872
2018-09-27 20:54:40.682 (2816): Session1: QueryExecute: OK, Elapsed time:0.002s, Compilation time:0.002s, Execution time:0.000s
2018-09-27 20:54:40.682 (4664): Session1: QueryExecute:
2018-09-27 20:54:40.682 (4664): (show schemas)
2018-09-27 20:54:40.682 (4664): Compiling query with Memory Budget=1806147584 MemoryAvailable=1806147584
2018-09-27 20:54:40.683 (4664): Session1: QueryExecute: OK rowset_guid=2 n_columns=1, Elapsed time:0.001s, Compilation time:0.000s, Execution time:0.001s
2018-09-27 20:54:40.684 (2816): Session1: RowsetGetValues: rowset_guid=2
2018-09-27 20:54:40.684 (4664): Session1: RowsetGetValues: rowset_guid=2
2018-09-27 20:54:40.684 (2816): Session1: RowsetClose: rowset_guid=2
2018-09-27 20:54:40.684 (4664): Session1: QueryExecute:
2018-09-27 20:54:40.684 (4664): (show tables [Extract])
2018-09-27 20:54:40.684 (4664): Compiling query with Memory Budget=1806131200 MemoryAvailable=1806131200
2018-09-27 20:54:40.685 (4664): Session1: QueryExecute: OK rowset_guid=3 n_columns=1, Elapsed time:0.001s, Compilation time:0.000s, Execution time:0.001s
2018-09-27 20:54:40.685 (2816): Session1: RowsetGetValues: rowset_guid=3
2018-09-27 20:54:40.685 (4664): Session1: RowsetGetValues: rowset_guid=3
2018-09-27 20:54:40.685 (2816): Session1: RowsetClose: rowset_guid=3
2018-09-27 20:54:40.685 (4664): Session1: QueryExecute:
2018-09-27 20:54:40.685 (4664): (top (table [Extract].[Extract]) () 0)
2018-09-27 20:54:40.705 (4664): Compiling query with DOP=2
2018-09-27 20:54:40.706 (4664): Compiling query with Memory Budget=1806393344 MemoryAvailable=1806393344
2018-09-27 20:54:40.706 (4664): Session1: QueryExecute: OK rowset_guid=4 n_columns=5, Elapsed time:0.021s, Compilation time:0.020s, Execution time:0.000s
2018-09-27 20:54:40.708 (2816): Session1: RowsetClose: rowset_guid=4
2018-09-27 20:54:40.708 (4664): Session1: QueryExecute:
2018-09-27 20:54:40.708 (4664): (alter column [Extract].[Extract].[NOME_ESTADO] ( ( "comparable" "comparable" ) ( "compression" "array" ) ( "storagewidth" "0" ) ) )
2018-09-27 20:54:40.709 (4664): Compiling query with Memory Budget=1806413824 MemoryAvailable=1806413824
2018-09-27 20:54:40.739 (4664): Session1: QueryExecute: OK, Elapsed time:0.031s, Compilation time:0.001s, Execution time:0.030s
2018-09-27 20:54:40.739 (2816): Session1: QueryExecute:
2018-09-27 20:54:40.739 (2816): (alter column [Extract].[Extract].[SIGLA_ESTADO] ( ( "comparable" "comparable" ) ( "compression" "array" ) ( "storagewidth" "0" ) ) )
2018-09-27 20:54:40.739 (2816): Compiling query with Memory Budget=1806258176 MemoryAvailable=1806258176
2018-09-27 20:54:40.788 (2816): Session1: QueryExecute: OK, Elapsed time:0.049s, Compilation time:0.000s, Execution time:0.049s
2018-09-27 20:54:40.788 (4664): Session1: QueryExecute:
2018-09-27 20:54:40.788 (4664): (alter column [Extract].[Extract].[CAPITAL_ESTADO] ( ( "comparable" "comparable" ) ( "compression" "array" ) ( "storagewidth" "0" ) ) )
2018-09-27 20:54:40.788 (4664): Compiling query with Memory Budget=1806123008 MemoryAvailable=1806123008
2018-09-27 20:54:40.834 (4664): Session1: QueryExecute: OK, Elapsed time:0.046s, Compilation time:0.000s, Execution time:0.045s
2018-09-27 20:54:40.834 (2816): Session1: QueryExecute:
2018-09-27 20:54:40.834 (2816): (alter column [Extract].[Extract].[REGIAO_ESTADO] ( ( "comparable" "comparable" ) ( "compression" "array" ) ( "storagewidth" "0" ) ) )
2018-09-27 20:54:40.834 (2816): Compiling query with Memory Budget=1806704640 MemoryAvailable=1806704640
2018-09-27 20:54:40.880 (2816): Session1: QueryExecute: OK, Elapsed time:0.046s, Compilation time:0.000s, Execution time:0.046s
2018-09-27 20:54:40.880 (4664): Session1: QueryExecute:
2018-09-27 20:54:40.880 (4664): (alter column [Extract].[Extract].[GEO_LOC] ( ( "comparable" "comparable" ) ( "compression" "array" ) ( "storagewidth" "0" ) ) )
2018-09-27 20:54:40.880 (4664): Compiling query with Memory Budget=1806696448 MemoryAvailable=1806696448
2018-09-27 20:54:40.926 (4664): Session1: QueryExecute: OK, Elapsed time:0.046s, Compilation time:0.000s, Execution time:0.046s
2018-09-27 20:54:40.926 (2816): Session1: QueryExecute:
2018-09-27 20:54:40.926 (2816): (top (table [Extract].[Extract]) () 0)
2018-09-27 20:54:40.927 (2816): Compiling query with DOP=2
2018-09-27 20:54:40.927 (2816): Compiling query with Memory Budget=1806426112 MemoryAvailable=1806426112
2018-09-27 20:54:40.928 (2816): Session1: QueryExecute: OK rowset_guid=5 n_columns=5, Elapsed time:0.002s, Compilation time:0.001s, Execution time:0.001s
2018-09-27 20:54:40.929 (4664): Session1: RowsetClose: rowset_guid=5
2018-09-27 20:54:40.929 (2816): Session1: QueryExecute:
2018-09-27 20:54:40.929 (2816): (sort [Extract].[Extract] ( ( [REGIAO_ESTADO] asc) ( [NOME_ESTADO] asc) ( [SIGLA_ESTADO] asc) ( [CAPITAL_ESTADO] asc) ( [GEO_LOC] asc) ) )
2018-09-27 20:54:40.929 (2816): Compiling query with Memory Budget=1806422016 MemoryAvailable=1806422016
2018-09-27 20:54:41.142 (2816): Session1: QueryExecute: OK, Elapsed time:0.213s, Compilation time:0.000s, Execution time:0.213s
2018-09-27 20:54:41.142 (4664): Session1: QueryExecute:
2018-09-27 20:54:41.142 (4664): (package)
2018-09-27 20:54:41.142 (4664): Compiling query with Memory Budget=1806782464 MemoryAvailable=1806782464
2018-09-27 20:54:41.142 (4664): PackageDatabase: in-place package of "\\Mac\Home\Documents\GitHub\EDUDW\ETL\LOCALIZACAO_D\LOCALIZACAO_D.tde"
2018-09-27 20:54:41.229 (4664): PackageDatabase: finished
2018-09-27 20:54:41.229 (4664): Session1: QueryExecute: OK, Elapsed time:0.087s, Compilation time:0.000s, Execution time:0.087s
2018-09-27 20:54:41.229 (4504): tdeserver: close session1, connection=tab.pipe://./pipe/{A94AD8CA-8B97-4051-BAA2-F68CDA20152F}
2018-09-27 20:54:41.229 (4800): tdeserver: closing connection=tab.pipe://./pipe/{A94AD8CA-8B97-4051-BAA2-F68CDA20152F}
2018-09-27 20:54:41.232 (4504): tdeserver: disconnected connection=tab.pipe://./pipe/{A94AD8CA-8B97-4051-BAA2-F68CDA20152F}: IPC_NamedPipeConnection::Read(len=16, connection=tab.pipe://./pipe/{A94AD8CA-8B97-4051-BAA2-F68CDA20152F}): The pipe has been ended.
2018-09-27 20:54:41.233 (4800): tdeserver: exit (0)
2018-09-30 12:55:02.437 (0728): -----------------------------------------------------------------------------
2018-09-30 12:55:02.437 (0728): Initializing fault reporting
2018-09-30 12:55:02.437 (0728): Fault reporting log pathname: \\Mac\Home\Documents\GitHub\EDUDW\ETL\LOCALIZACAO_D\tdeserver64-error_8260_18-0930-125502.log
2018-09-30 12:55:02.437 (0728): Initializing MiniDump
2018-09-30 12:55:02.437 (0728): Loading 'DbgHelp.dll'
2018-09-30 12:55:02.437 (0728): Loaded 'C:\WINDOWS\SYSTEM32\dbghelp.dll'
2018-09-30 12:55:02.437 (0728):   Product Name: Microsoft® Windows® Operating System
2018-09-30 12:55:02.437 (0728):   File Version: 10.0.17134.1 (WinBuild.160101.0800)
2018-09-30 12:55:02.437 (0728):   Product Version: 10.0.17134.1
2018-09-30 12:55:02.437 (0728): Finding function 'MiniDumpWriteDump'
2018-09-30 12:55:02.437 (0728): Success
2018-09-30 12:55:02.437 (0728): Registering unhandled exception filter
2018-09-30 12:55:02.437 (0728): -----------------------------------------------------------------------------
2018-09-30 12:55:02.437 (0728): argv[0]="C:\Program Files\Alteryx\bin\Tableau\tde\tdeserver64.exe"
2018-09-30 12:55:02.437 (0728): argv[1]="--callback"
2018-09-30 12:55:02.437 (0728): argv[2]="tab.pipe://./pipe/{B2BB74DC-3AE0-4D40-A3C0-46C12EC17578}"
2018-09-30 12:55:02.437 (0728): argv[3]="--listen"
2018-09-30 12:55:02.437 (0728): argv[4]="tab.pipe://./pipe/auto"
2018-09-30 12:55:02.437 (0728): argv[5]="--desktop"
2018-09-30 12:55:02.437 (0728): argv[6]="--log"
2018-09-30 12:55:02.437 (0728): argv[7]="\\Mac\Home\Documents\GitHub\EDUDW\ETL\LOCALIZACAO_D\DataExtract.log"
2018-09-30 12:55:02.437 (0728): pid=8260
2018-09-30 12:55:02.437 (0728): Machine Configuration
2018-09-30 12:55:02.437 (0728):   Max Descriptors: -1
2018-09-30 12:55:02.437 (0728): Vectorization Support
2018-09-30 12:55:02.437 (0728):   Supports SSE:    Yes
2018-09-30 12:55:02.437 (0728):   Supports SSE2:   Yes
2018-09-30 12:55:02.437 (0728):   Supports SSE3:   Yes
2018-09-30 12:55:02.437 (0728):   Supports SSE4.1: Yes
2018-09-30 12:55:02.437 (0728):   Supports SSE4.2: Yes
2018-09-30 12:55:02.437 (0728):   Supports AVX:    Yes
2018-09-30 12:55:02.437 (0728):   Supports AVX2:   Yes
2018-09-30 12:55:02.437 (0728): Adjusted Values
2018-09-30 12:55:02.437 (0728):   Physical RAM:              4272443392
2018-09-30 12:55:02.437 (0728):   CPUs available to process: 2
2018-09-30 12:55:02.437 (0728):   worker-threads:            2
2018-09-30 12:55:02.437 (0728):   max-concurrency:           2
2018-09-30 12:55:02.437 (0728):   query-parallelism:         2
2018-09-30 12:55:02.437 (0728):   min-query-parallelism:     2
2018-09-30 12:55:02.437 (0728):   work-buffer-size:          64
2018-09-30 12:55:02.437 (0728):   TrackingMappedFiles :      1
2018-09-30 12:55:02.437 (0728):   MemoryMapEntireFile:       1
2018-09-30 12:55:02.437 (0728):   use-openfile-cache:        1
2018-09-30 12:55:02.437 (0728): tdeserver: server listening for incoming connections at: tab.pipe://./pipe/{ACE6D67F-694D-41C2-B359-57DF7527A88A}
2018-09-30 12:55:02.437 (0728): tdeserver: new connection, connection=tab.pipe://./pipe/{ACE6D67F-694D-41C2-B359-57DF7527A88A}
2018-09-30 12:55:02.437 (7432): tdeserver: open session1, connection=tab.pipe://./pipe/{ACE6D67F-694D-41C2-B359-57DF7527A88A}
2018-09-30 12:55:02.437 (6708): Session1: QueryExecute:
2018-09-30 12:55:02.437 (6708): (create database "\\\\Mac\\Home\\Documents\\GitHub\\EDUDW\\ETL\\LOCALIZACAO_D\\LOCALIZACAO_D.tde")
2018-09-30 12:55:05.782 (6708): Compiling query with Memory Budget=1459142656 MemoryAvailable=1459142656
2018-09-30 12:55:05.782 (6708): Session1: QueryExecute: OK, Elapsed time:3.341s, Compilation time:3.329s, Execution time:0.012s
2018-09-30 12:55:05.782 (3728): Session1: QueryExecute:
2018-09-30 12:55:05.782 (3728): (create schema [Extract])
2018-09-30 12:55:05.782 (3728): Compiling query with Memory Budget=1459281920 MemoryAvailable=1459281920
2018-09-30 12:55:05.859 (3728): Session1: QueryExecute: OK, Elapsed time:0.078s, Compilation time:0.001s, Execution time:0.078s
2018-09-30 12:55:05.859 (6708): Session1: QueryExecute:
2018-09-30 12:55:05.859 (6708): (create table [Extract].[Extract])
2018-09-30 12:55:05.859 (6708): Compiling query with Memory Budget=1459310592 MemoryAvailable=1459310592
2018-09-30 12:55:05.953 (6708): Session1: QueryExecute: OK, Elapsed time:0.089s, Compilation time:0.000s, Execution time:0.089s
2018-09-30 12:55:05.953 (3728): Session1: QueryExecute:
2018-09-30 12:55:05.953 (3728): (create column [Extract].[Extract].[NOME_UF] ( ( "collation" "binary" ) ( "compression" "heap" ) ( "factory" "varchar" ) ( "ordinal" "0" ) ( "scale" "2" ) ( "storagewidth" "8" ) ))
2018-09-30 12:55:05.968 (3728): Compiling query with Memory Budget=1459519488 MemoryAvailable=1459519488
2018-09-30 12:55:06.124 (3728): Session1: QueryExecute: OK, Elapsed time:0.172s, Compilation time:0.020s, Execution time:0.152s
2018-09-30 12:55:06.124 (6708): Session1: QueryExecute:
2018-09-30 12:55:06.124 (6708): (create column [Extract].[Extract].[SIGLA_UF] ( ( "collation" "binary" ) ( "compression" "heap" ) ( "factory" "varchar" ) ( "ordinal" "1" ) ( "scale" "2" ) ( "storagewidth" "8" ) ))
2018-09-30 12:55:06.124 (6708): Compiling query with Memory Budget=1456111616 MemoryAvailable=1456111616
2018-09-30 12:55:06.234 (6708): Session1: QueryExecute: OK, Elapsed time:0.108s, Compilation time:0.000s, Execution time:0.108s
2018-09-30 12:55:06.234 (3728): Session1: QueryExecute:
2018-09-30 12:55:06.234 (3728): (create column [Extract].[Extract].[CODIGO_UF] ( ( "builtin" "bigint" ) ( "factory" "builtin" ) ( "ordinal" "2" ) ))
2018-09-30 12:55:06.234 (3728): Compiling query with Memory Budget=1456107520 MemoryAvailable=1456107520
2018-09-30 12:55:06.488 (3728): Session1: QueryExecute: OK, Elapsed time:0.259s, Compilation time:0.000s, Execution time:0.258s
2018-09-30 12:55:06.488 (6708): Session1: QueryExecute:
2018-09-30 12:55:06.488 (6708): (create column [Extract].[Extract].[CAPITAL_UF] ( ( "collation" "binary" ) ( "compression" "heap" ) ( "factory" "varchar" ) ( "ordinal" "3" ) ( "scale" "2" ) ( "storagewidth" "8" ) ))
2018-09-30 12:55:06.496 (6708): Compiling query with Memory Budget=1456062464 MemoryAvailable=1456062464
2018-09-30 12:55:06.577 (6708): Session1: QueryExecute: OK, Elapsed time:0.087s, Compilation time:0.000s, Execution time:0.086s
2018-09-30 12:55:06.577 (3728): Session1: QueryExecute:
2018-09-30 12:55:06.577 (3728): (create column [Extract].[Extract].[REGIAO_UF] ( ( "collation" "binary" ) ( "compression" "heap" ) ( "factory" "varchar" ) ( "ordinal" "4" ) ( "scale" "2" ) ( "storagewidth" "8" ) ))
2018-09-30 12:55:06.577 (3728): Compiling query with Memory Budget=1456058368 MemoryAvailable=1456058368
2018-09-30 12:55:06.765 (3728): Session1: QueryExecute: OK, Elapsed time:0.192s, Compilation time:0.000s, Execution time:0.192s
2018-09-30 12:55:06.765 (6708): Session1: QueryExecute:
2018-09-30 12:55:06.765 (6708): (create column [Extract].[Extract].[CODIGO_REGIAO_UF] ( ( "builtin" "bigint" ) ( "factory" "builtin" ) ( "ordinal" "5" ) ))
2018-09-30 12:55:06.765 (6708): Compiling query with Memory Budget=1455968256 MemoryAvailable=1455968256
2018-09-30 12:55:06.828 (6708): Session1: QueryExecute: OK, Elapsed time:0.062s, Compilation time:0.000s, Execution time:0.061s
2018-09-30 12:55:06.828 (3728): Session1: QueryExecute:
2018-09-30 12:55:06.828 (3728): (create column [Extract].[Extract].[GEO_LOC] ( ( "compression" "heap" ) ( "factory" "spatial" ) ( "ordinal" "6" ) ( "storagewidth" "8" ) ))
2018-09-30 12:55:06.828 (3728): Compiling query with Memory Budget=1456742400 MemoryAvailable=1456742400
2018-09-30 12:55:06.937 (3728): Session1: QueryExecute: OK, Elapsed time:0.109s, Compilation time:0.000s, Execution time:0.109s
2018-09-30 12:55:08.109 (6708): Session1: InsertOpen: table="Extract" schema="Extract"
2018-09-30 12:55:08.109 (6708):   column[0]="NOME_UF"
2018-09-30 12:55:08.109 (6708):   column[1]="SIGLA_UF"
2018-09-30 12:55:08.109 (6708):   column[2]="CODIGO_UF"
2018-09-30 12:55:08.109 (6708):   column[3]="CAPITAL_UF"
2018-09-30 12:55:08.109 (6708):   column[4]="REGIAO_UF"
2018-09-30 12:55:08.109 (6708):   column[5]="CODIGO_REGIAO_UF"
2018-09-30 12:55:08.109 (6708):   column[6]="GEO_LOC"
2018-09-30 12:55:08.109 (3728): Session1: InsertPutValues: total_calls=1 total_message_size=4455
2018-09-30 12:55:09.159 (6708): LogScopeTime: Save::Build,27,2018-09-30 12:55:08.1240,1.04
2018-09-30 12:55:09.159 (6708): Session1: InsertCommit: insert_guid=1 total_calls=1 total_message_size=4455
2018-09-30 12:55:09.159 (6708): Session1: InsertCommit: OK
2018-09-30 12:55:09.159 (3728): Session1: InsertClose: insert_guid=1
2018-09-30 12:55:09.159 (3728): Session1: InsertClose: OK
2018-09-30 12:55:09.159 (6708): Session1: QueryExecute:
2018-09-30 12:55:09.159 (6708): (package)
2018-09-30 12:55:09.159 (6708): Compiling query with Memory Budget=1455521792 MemoryAvailable=1455521792
2018-09-30 12:55:09.159 (6708): PackageDatabase: in-place package of "\\Mac\Home\Documents\GitHub\EDUDW\ETL\LOCALIZACAO_D\LOCALIZACAO_D.tde"
2018-09-30 12:55:09.343 (6708): PackageDatabase: finished
2018-09-30 12:55:09.343 (6708): Session1: QueryExecute: OK, Elapsed time:0.186s, Compilation time:0.000s, Execution time:0.186s
2018-09-30 12:55:09.343 (3728): Session1: QueryExecute:
2018-09-30 12:55:09.343 (3728): (database "\\\\Mac\\Home\\Documents\\GitHub\\EDUDW\\ETL\\LOCALIZACAO_D\\LOCALIZACAO_D.tde")
2018-09-30 12:55:09.359 (3728): Compiling query with Memory Budget=1455538176 MemoryAvailable=1455538176
2018-09-30 12:55:09.359 (3728): Session1: QueryExecute: OK, Elapsed time:0.003s, Compilation time:0.003s, Execution time:0.000s
2018-09-30 12:55:09.359 (6708): Session1: QueryExecute:
2018-09-30 12:55:09.359 (6708): (show schemas)
2018-09-30 12:55:09.359 (6708): Compiling query with Memory Budget=1455542272 MemoryAvailable=1455542272
2018-09-30 12:55:09.359 (6708): Session1: QueryExecute: OK rowset_guid=2 n_columns=1, Elapsed time:0.003s, Compilation time:0.000s, Execution time:0.003s
2018-09-30 12:55:09.359 (3728): Session1: RowsetGetValues: rowset_guid=2
2018-09-30 12:55:09.359 (6708): Session1: RowsetGetValues: rowset_guid=2
2018-09-30 12:55:09.359 (3728): Session1: RowsetClose: rowset_guid=2
2018-09-30 12:55:09.359 (6708): Session1: QueryExecute:
2018-09-30 12:55:09.359 (6708): (show tables [Extract])
2018-09-30 12:55:09.359 (6708): Compiling query with Memory Budget=1455538176 MemoryAvailable=1455538176
2018-09-30 12:55:09.359 (6708): Session1: QueryExecute: OK rowset_guid=3 n_columns=1, Elapsed time:0.001s, Compilation time:0.000s, Execution time:0.001s
2018-09-30 12:55:09.359 (3728): Session1: RowsetGetValues: rowset_guid=3
2018-09-30 12:55:09.359 (6708): Session1: RowsetGetValues: rowset_guid=3
2018-09-30 12:55:09.359 (3728): Session1: RowsetClose: rowset_guid=3
2018-09-30 12:55:09.359 (6708): Session1: QueryExecute:
2018-09-30 12:55:09.359 (6708): (top (table [Extract].[Extract]) () 0)
2018-09-30 12:55:09.406 (6708): Compiling query with DOP=2
2018-09-30 12:55:09.406 (6708): Compiling query with Memory Budget=1456713728 MemoryAvailable=1456713728
2018-09-30 12:55:09.406 (6708): Session1: QueryExecute: OK rowset_guid=4 n_columns=7, Elapsed time:0.043s, Compilation time:0.042s, Execution time:0.001s
2018-09-30 12:55:09.406 (3728): Session1: RowsetClose: rowset_guid=4
2018-09-30 12:55:09.406 (6708): Session1: QueryExecute:
2018-09-30 12:55:09.406 (6708): (alter column [Extract].[Extract].[NOME_UF] ( ( "comparable" "comparable" ) ( "compression" "array" ) ( "storagewidth" "0" ) ) )
2018-09-30 12:55:09.406 (6708): Compiling query with Memory Budget=1456783360 MemoryAvailable=1456783360
2018-09-30 12:55:09.452 (6708): Session1: QueryExecute: OK, Elapsed time:0.049s, Compilation time:0.000s, Execution time:0.049s
2018-09-30 12:55:09.452 (3728): Session1: QueryExecute:
2018-09-30 12:55:09.452 (3728): (alter column [Extract].[Extract].[SIGLA_UF] ( ( "comparable" "comparable" ) ( "compression" "array" ) ( "storagewidth" "0" ) ) )
2018-09-30 12:55:09.452 (3728): Compiling query with Memory Budget=1456676864 MemoryAvailable=1456676864
2018-09-30 12:55:09.515 (3728): Session1: QueryExecute: OK, Elapsed time:0.054s, Compilation time:0.000s, Execution time:0.054s
2018-09-30 12:55:09.515 (6708): Session1: QueryExecute:
2018-09-30 12:55:09.515 (6708): (alter column [Extract].[Extract].[CODIGO_UF] ( ( "comparable" "comparable" ) ( "compression" "array" ) ( "storagewidth" "0" ) ) )
2018-09-30 12:55:09.515 (6708): Compiling query with Memory Budget=1456742400 MemoryAvailable=1456742400
2018-09-30 12:55:09.593 (6708): Session1: QueryExecute: OK, Elapsed time:0.073s, Compilation time:0.000s, Execution time:0.073s
2018-09-30 12:55:09.593 (3728): Session1: QueryExecute:
2018-09-30 12:55:09.593 (3728): (alter column [Extract].[Extract].[CAPITAL_UF] ( ( "comparable" "comparable" ) ( "compression" "array" ) ( "storagewidth" "0" ) ) )
2018-09-30 12:55:09.593 (3728): Compiling query with Memory Budget=1457344512 MemoryAvailable=1457344512
2018-09-30 12:55:09.656 (3728): Session1: QueryExecute: OK, Elapsed time:0.061s, Compilation time:0.000s, Execution time:0.061s
2018-09-30 12:55:09.656 (6708): Session1: QueryExecute:
2018-09-30 12:55:09.656 (6708): (alter column [Extract].[Extract].[REGIAO_UF] ( ( "comparable" "comparable" ) ( "compression" "array" ) ( "storagewidth" "0" ) ) )
2018-09-30 12:55:09.656 (6708): Compiling query with Memory Budget=1457336320 MemoryAvailable=1457336320
2018-09-30 12:55:09.719 (6708): Session1: QueryExecute: OK, Elapsed time:0.063s, Compilation time:0.000s, Execution time:0.063s
2018-09-30 12:55:09.719 (3728): Session1: QueryExecute:
2018-09-30 12:55:09.719 (3728): (alter column [Extract].[Extract].[CODIGO_REGIAO_UF] ( ( "comparable" "comparable" ) ( "compression" "array" ) ( "storagewidth" "0" ) ) )
2018-09-30 12:55:09.719 (3728): Compiling query with Memory Budget=1457319936 MemoryAvailable=1457319936
2018-09-30 12:55:09.765 (3728): Session1: QueryExecute: OK, Elapsed time:0.049s, Compilation time:0.000s, Execution time:0.049s
2018-09-30 12:55:09.765 (6708): Session1: QueryExecute:
2018-09-30 12:55:09.765 (6708): (alter column [Extract].[Extract].[GEO_LOC] ( ( "comparable" "comparable" ) ( "compression" "array" ) ( "storagewidth" "0" ) ) )
2018-09-30 12:55:09.765 (6708): Compiling query with Memory Budget=1457344512 MemoryAvailable=1457344512
2018-09-30 12:55:09.827 (6708): Session1: QueryExecute: OK, Elapsed time:0.060s, Compilation time:0.000s, Execution time:0.060s
2018-09-30 12:55:09.827 (3728): Session1: QueryExecute:
2018-09-30 12:55:09.827 (3728): (top (table [Extract].[Extract]) () 0)
2018-09-30 12:55:09.827 (3728): Compiling query with DOP=2
2018-09-30 12:55:09.827 (3728): Compiling query with Memory Budget=1457254400 MemoryAvailable=1457254400
2018-09-30 12:55:09.827 (3728): Session1: QueryExecute: OK rowset_guid=5 n_columns=7, Elapsed time:0.002s, Compilation time:0.001s, Execution time:0.001s
2018-09-30 12:55:09.827 (6708): Session1: RowsetClose: rowset_guid=5
2018-09-30 12:55:09.827 (3728): Session1: QueryExecute:
2018-09-30 12:55:09.827 (3728): (sort [Extract].[Extract] ( ( [REGIAO_UF] asc) ( [CODIGO_REGIAO_UF] asc) ( [NOME_UF] asc) ( [SIGLA_UF] asc) ( [CODIGO_UF] asc) ( [CAPITAL_UF] asc) ( [GEO_LOC] asc) ) )
2018-09-30 12:55:09.827 (3728): Compiling query with Memory Budget=1457250304 MemoryAvailable=1457250304
2018-09-30 12:55:10.124 (3728): Session1: QueryExecute: OK, Elapsed time:0.302s, Compilation time:0.000s, Execution time:0.302s
2018-09-30 12:55:10.124 (6708): Session1: QueryExecute:
2018-09-30 12:55:10.124 (6708): (package)
2018-09-30 12:55:10.124 (6708): Compiling query with Memory Budget=1457192960 MemoryAvailable=1457192960
2018-09-30 12:55:10.124 (6708): PackageDatabase: in-place package of "\\Mac\Home\Documents\GitHub\EDUDW\ETL\LOCALIZACAO_D\LOCALIZACAO_D.tde"
2018-09-30 12:55:10.218 (6708): PackageDatabase: finished
2018-09-30 12:55:10.218 (6708): Session1: QueryExecute: OK, Elapsed time:0.091s, Compilation time:0.000s, Execution time:0.091s
2018-09-30 12:55:10.218 (7432): tdeserver: close session1, connection=tab.pipe://./pipe/{ACE6D67F-694D-41C2-B359-57DF7527A88A}
2018-09-30 12:55:10.218 (0728): tdeserver: closing connection=tab.pipe://./pipe/{ACE6D67F-694D-41C2-B359-57DF7527A88A}
2018-09-30 12:55:10.218 (7432): tdeserver: disconnected connection=tab.pipe://./pipe/{ACE6D67F-694D-41C2-B359-57DF7527A88A}: IPC_NamedPipeConnection::Read(len=16, connection=tab.pipe://./pipe/{ACE6D67F-694D-41C2-B359-57DF7527A88A}): The pipe has been ended.
2018-09-30 12:55:10.218 (0728): tdeserver: exit (0)
